<?xml version="1.0" encoding="UTF-8" ?>
<testsuite tests="5" failures="0" name="RestAssuredPackage.Chapter1Test" time="8.219" errors="2" skipped="0">
  <properties>
[...]
</properties>
  <testcase classname="RestAssuredPackage.Chapter1Test" name="requestUsZipCode90210_checkPlaceNameInResponseBody_expectBeverlyHills" time="1.837">
    <error message="could not access constructor: private java.lang.AssertionError(java.lang.String) with arguments: [1 expectation failed.
XML path places[0].&apos;place name&apos; doesn&apos;t match.
Expected: Beverly Hills
  Actual: 
] reason: java.lang.IllegalAccessException: class org.codehaus.groovy.reflection.CachedConstructor cannot access a member of class java.lang.AssertionError (in module java.base) with modifiers &quot;private&quot;" type="groovy.lang.GroovyRuntimeException">groovy.lang.GroovyRuntimeException: could not access constructor: private java.lang.AssertionError(java.lang.String) with arguments: [1 expectation failed.
XML path places[0].&apos;place name&apos; doesn&apos;t match.
Expected: Beverly Hills
  Actual: 
] reason: java.lang.IllegalAccessException: class org.codehaus.groovy.reflection.CachedConstructor cannot access a member of class java.lang.AssertionError (in module java.base) with modifiers &quot;private&quot;
	at org.codehaus.groovy.reflection.CachedConstructor.createException(CachedConstructor.java:103)
	at org.codehaus.groovy.reflection.CachedConstructor.invoke(CachedConstructor.java:89)
	at org.codehaus.groovy.reflection.CachedConstructor.doConstructorInvoke(CachedConstructor.java:77)
	at org.codehaus.groovy.runtime.callsite.ConstructorSite$ConstructorSiteNoUnwrap.callConstructor(ConstructorSite.java:84)
	at org.codehaus.groovy.runtime.callsite.AbstractCallSite.callConstructor(AbstractCallSite.java:250)
	at io.restassured.internal.ResponseSpecificationImpl$HamcrestAssertionClosure.validate(ResponseSpecificationImpl.groovy:494)
	at io.restassured.internal.ResponseSpecificationImpl$HamcrestAssertionClosure$validate$1.call(Unknown Source)
	at io.restassured.internal.ResponseSpecificationImpl.validateResponseIfRequired(ResponseSpecificationImpl.groovy:656)
	at java.base/jdk.internal.reflect.DirectMethodHandleAccessor.invoke(DirectMethodHandleAccessor.java:104)
	at java.base/java.lang.reflect.Method.invoke(Method.java:577)
	at org.codehaus.groovy.runtime.callsite.PogoMetaMethodSite$PogoCachedMethodSiteNoUnwrapNoCoerce.invoke(PogoMetaMethodSite.java:210)
	at org.codehaus.groovy.runtime.callsite.PogoMetaMethodSite.callCurrent(PogoMetaMethodSite.java:59)
	at org.codehaus.groovy.runtime.callsite.CallSiteArray.defaultCallCurrent(CallSiteArray.java:51)
	at org.codehaus.groovy.runtime.callsite.AbstractCallSite.callCurrent(AbstractCallSite.java:157)
	at org.codehaus.groovy.runtime.callsite.AbstractCallSite.callCurrent(AbstractCallSite.java:169)
	at io.restassured.internal.ResponseSpecificationImpl.content(ResponseSpecificationImpl.groovy:277)
	at io.restassured.specification.ResponseSpecification$content$1.callCurrent(Unknown Source)
	at org.codehaus.groovy.runtime.callsite.CallSiteArray.defaultCallCurrent(CallSiteArray.java:51)
	at org.codehaus.groovy.runtime.callsite.AbstractCallSite.callCurrent(AbstractCallSite.java:157)
	at org.codehaus.groovy.runtime.callsite.AbstractCallSite.callCurrent(AbstractCallSite.java:193)
	at io.restassured.internal.ResponseSpecificationImpl.body(ResponseSpecificationImpl.groovy:260)
	at io.restassured.internal.ValidatableResponseOptionsImpl.body(ValidatableResponseOptionsImpl.java:274)
	at RestAssuredPackage.Chapter1Test.requestUsZipCode90210_checkPlaceNameInResponseBody_expectBeverlyHills(Chapter1Test.java:66)
	at java.base/jdk.internal.reflect.DirectMethodHandleAccessor.invoke(DirectMethodHandleAccessor.java:104)
	at java.base/java.lang.reflect.Method.invoke(Method.java:577)
	at org.junit.runners.model.FrameworkMethod$1.runReflectiveCall(FrameworkMethod.java:50)
	at org.junit.internal.runners.model.ReflectiveCallable.run(ReflectiveCallable.java:12)
	at org.junit.runners.model.FrameworkMethod.invokeExplosively(FrameworkMethod.java:47)
	at org.junit.internal.runners.statements.InvokeMethod.evaluate(InvokeMethod.java:17)
	at org.junit.runners.ParentRunner.runLeaf(ParentRunner.java:325)
	at org.junit.runners.BlockJUnit4ClassRunner.runChild(BlockJUnit4ClassRunner.java:78)
	at org.junit.runners.BlockJUnit4ClassRunner.runChild(BlockJUnit4ClassRunner.java:57)
	at org.junit.runners.ParentRunner$3.run(ParentRunner.java:290)
	at org.junit.runners.ParentRunner$1.schedule(ParentRunner.java:71)
	at org.junit.runners.ParentRunner.runChildren(ParentRunner.java:288)
	at org.junit.runners.ParentRunner.access$000(ParentRunner.java:58)
	at org.junit.runners.ParentRunner$2.evaluate(ParentRunner.java:268)
	at org.junit.runners.ParentRunner.run(ParentRunner.java:363)
	at org.apache.maven.surefire.junit4.JUnit4Provider.execute(JUnit4Provider.java:252)
	at org.apache.maven.surefire.junit4.JUnit4Provider.executeTestSet(JUnit4Provider.java:141)
	at org.apache.maven.surefire.junit4.JUnit4Provider.invoke(JUnit4Provider.java:112)
	at java.base/jdk.internal.reflect.DirectMethodHandleAccessor.invoke(DirectMethodHandleAccessor.java:104)
	at java.base/java.lang.reflect.Method.invoke(Method.java:577)
	at org.apache.maven.surefire.util.ReflectionUtils.invokeMethodWithArray(ReflectionUtils.java:189)
	at org.apache.maven.surefire.booter.ProviderFactory$ProviderProxy.invoke(ProviderFactory.java:165)
	at org.apache.maven.surefire.booter.ProviderFactory.invokeProvider(ProviderFactory.java:85)
	at org.apache.maven.surefire.booter.ForkedBooter.runSuitesInProcess(ForkedBooter.java:115)
	at org.apache.maven.surefire.booter.ForkedBooter.main(ForkedBooter.java:75)
</error>
  </testcase>
  <testcase classname="RestAssuredPackage.Chapter1Test" name="requestUsZipCode90210_checkStatusCode_expectHttp200" time="2.252"/>
  <testcase classname="RestAssuredPackage.Chapter1Test" name="GET_FindPetBySoldStatus" time="1.36">
    <error message="could not access constructor: private java.lang.AssertionError(java.lang.String) with arguments: [1 expectation failed.
JSON path status doesn&apos;t match.
Expected: [sold]
  Actual: [sold, sold]
] reason: java.lang.IllegalAccessException: class org.codehaus.groovy.reflection.CachedConstructor cannot access a member of class java.lang.AssertionError (in module java.base) with modifiers &quot;private&quot;" type="groovy.lang.GroovyRuntimeException">groovy.lang.GroovyRuntimeException: could not access constructor: private java.lang.AssertionError(java.lang.String) with arguments: [1 expectation failed.
JSON path status doesn&apos;t match.
Expected: [sold]
  Actual: [sold, sold]
] reason: java.lang.IllegalAccessException: class org.codehaus.groovy.reflection.CachedConstructor cannot access a member of class java.lang.AssertionError (in module java.base) with modifiers &quot;private&quot;
	at org.codehaus.groovy.reflection.CachedConstructor.createException(CachedConstructor.java:103)
	at org.codehaus.groovy.reflection.CachedConstructor.invoke(CachedConstructor.java:89)
	at org.codehaus.groovy.reflection.CachedConstructor.doConstructorInvoke(CachedConstructor.java:77)
	at org.codehaus.groovy.runtime.callsite.ConstructorSite$ConstructorSiteNoUnwrap.callConstructor(ConstructorSite.java:84)
	at org.codehaus.groovy.runtime.callsite.AbstractCallSite.callConstructor(AbstractCallSite.java:250)
	at io.restassured.internal.ResponseSpecificationImpl$HamcrestAssertionClosure.validate(ResponseSpecificationImpl.groovy:494)
	at io.restassured.internal.ResponseSpecificationImpl$HamcrestAssertionClosure$validate$1.call(Unknown Source)
	at io.restassured.internal.ResponseSpecificationImpl.validateResponseIfRequired(ResponseSpecificationImpl.groovy:656)
	at java.base/jdk.internal.reflect.DirectMethodHandleAccessor.invoke(DirectMethodHandleAccessor.java:104)
	at java.base/java.lang.reflect.Method.invoke(Method.java:577)
	at org.codehaus.groovy.runtime.callsite.PogoMetaMethodSite$PogoCachedMethodSiteNoUnwrapNoCoerce.invoke(PogoMetaMethodSite.java:210)
	at org.codehaus.groovy.runtime.callsite.PogoMetaMethodSite.callCurrent(PogoMetaMethodSite.java:59)
	at org.codehaus.groovy.runtime.callsite.AbstractCallSite.callCurrent(AbstractCallSite.java:169)
	at io.restassured.internal.ResponseSpecificationImpl.content(ResponseSpecificationImpl.groovy:277)
	at io.restassured.specification.ResponseSpecification$content$1.callCurrent(Unknown Source)
	at io.restassured.internal.ResponseSpecificationImpl.body(ResponseSpecificationImpl.groovy:260)
	at io.restassured.internal.ValidatableResponseOptionsImpl.body(ValidatableResponseOptionsImpl.java:274)
	at RestAssuredPackage.Chapter1Test.GET_FindPetBySoldStatus(Chapter1Test.java:30)
	at java.base/jdk.internal.reflect.DirectMethodHandleAccessor.invoke(DirectMethodHandleAccessor.java:104)
	at java.base/java.lang.reflect.Method.invoke(Method.java:577)
	at org.junit.runners.model.FrameworkMethod$1.runReflectiveCall(FrameworkMethod.java:50)
	at org.junit.internal.runners.model.ReflectiveCallable.run(ReflectiveCallable.java:12)
	at org.junit.runners.model.FrameworkMethod.invokeExplosively(FrameworkMethod.java:47)
	at org.junit.internal.runners.statements.InvokeMethod.evaluate(InvokeMethod.java:17)
	at org.junit.runners.ParentRunner.runLeaf(ParentRunner.java:325)
	at org.junit.runners.BlockJUnit4ClassRunner.runChild(BlockJUnit4ClassRunner.java:78)
	at org.junit.runners.BlockJUnit4ClassRunner.runChild(BlockJUnit4ClassRunner.java:57)
	at org.junit.runners.ParentRunner$3.run(ParentRunner.java:290)
	at org.junit.runners.ParentRunner$1.schedule(ParentRunner.java:71)
	at org.junit.runners.ParentRunner.runChildren(ParentRunner.java:288)
	at org.junit.runners.ParentRunner.access$000(ParentRunner.java:58)
	at org.junit.runners.ParentRunner$2.evaluate(ParentRunner.java:268)
	at org.junit.runners.ParentRunner.run(ParentRunner.java:363)
	at org.apache.maven.surefire.junit4.JUnit4Provider.execute(JUnit4Provider.java:252)
	at org.apache.maven.surefire.junit4.JUnit4Provider.executeTestSet(JUnit4Provider.java:141)
	at org.apache.maven.surefire.junit4.JUnit4Provider.invoke(JUnit4Provider.java:112)
	at java.base/jdk.internal.reflect.DirectMethodHandleAccessor.invoke(DirectMethodHandleAccessor.java:104)
	at java.base/java.lang.reflect.Method.invoke(Method.java:577)
	at org.apache.maven.surefire.util.ReflectionUtils.invokeMethodWithArray(ReflectionUtils.java:189)
	at org.apache.maven.surefire.booter.ProviderFactory$ProviderProxy.invoke(ProviderFactory.java:165)
	at org.apache.maven.surefire.booter.ProviderFactory.invokeProvider(ProviderFactory.java:85)
	at org.apache.maven.surefire.booter.ForkedBooter.runSuitesInProcess(ForkedBooter.java:115)
	at org.apache.maven.surefire.booter.ForkedBooter.main(ForkedBooter.java:75)
</error>
    <system-out>Request method:	GET
Request URI:	https://petstore3.swagger.io/api/v3/pet/findByStatus?status=sold
Proxy:			&lt;none&gt;
Request params:	&lt;none&gt;
Query params:	&lt;none&gt;
Form params:	&lt;none&gt;
Path params:	&lt;none&gt;
Headers:		Accept=*/*
Cookies:		&lt;none&gt;
Multiparts:		&lt;none&gt;
Body:			&lt;none&gt;
[
    {
        &quot;id&quot;: 1984,
        &quot;category&quot;: {
            &quot;id&quot;: 0,
            &quot;name&quot;: &quot;Cats&quot;
        },
        &quot;name&quot;: &quot;Piesiel&quot;,
        &quot;photoUrls&quot;: [
            &quot;https://images.unsplash.com/photo-1587402092301-725e37c70fd8?ixlib=rb-1.2.1&amp;ixid=MnwxMjA3fDB8MHxzZWFyY2h8MXx8cHVwcHklMjBkb2d8ZW58MHx8MHx8&amp;w=1000&amp;q=80&quot;
        ],
        &quot;tags&quot;: [
            {
                &quot;id&quot;: 3,
                &quot;name&quot;: &quot;maly&quot;
            }
        ],
        &quot;status&quot;: &quot;sold&quot;
    },
    {
        &quot;id&quot;: 2850,
        &quot;name&quot;: &quot;Geoffrey Giraffe&quot;,
        &quot;photoUrls&quot;: [
            &quot;https://contents.mediadecathlon.com/p2137416/k$ea18c14c25807396dd5ef3578037a2db/sq/mens-trekking-merino-wool-short-sleeved-t-shirt-mt500-print.jpg?format=auto&amp;f=969x969&quot;
        ],
        &quot;tags&quot;: [
            
        ],
        &quot;status&quot;: &quot;sold&quot;
    }
]
</system-out>
  </testcase>
  <testcase classname="RestAssuredPackage.Chapter1Test" name="GET_FindPetByAvailableStatus" time="1.293"/>
  <testcase classname="RestAssuredPackage.Chapter1Test" name="FindPetByPendingStatus" time="1.477"/>
</testsuite>